<?xml version="1.0" encoding="UTF-8"?>
<!-- Generated by org.testng.reporters.JUnitReportReporter -->
<testsuite skipped="0" hostname="LONDON" name="br.ce.wcaquino.appium.test.DragNDropTeste" tests="1" failures="0" timestamp="2020-11-23T19:59:12 BRT" time="49.613" errors="0">
  <testcase name="deveEfetuarDragNDrop" time="49.613" classname="br.ce.wcaquino.appium.test.DragNDropTeste"/>
  <system-out/>
</testsuite> <!-- br.ce.wcaquino.appium.test.DragNDropTeste -->
