<?xml version="1.0" encoding="UTF-8"?>
<!-- Generated by org.testng.reporters.JUnitReportReporter -->
<testsuite skipped="0" hostname="LONDON" name="br.ce.wcaquino.appium.test.SeuBarrigaNativoTest" tests="1" failures="0" timestamp="2020-12-01T19:13:44 BRT" time="12.326" errors="0">
  <testcase name="atualizarSaldoAoExcluirMovimentacao" time="12.326" classname="br.ce.wcaquino.appium.test.SeuBarrigaNativoTest"/>
  <system-out/>
</testsuite> <!-- br.ce.wcaquino.appium.test.SeuBarrigaNativoTest -->
