<?xml version="1.0" encoding="UTF-8"?>
<!-- Generated by org.testng.reporters.JUnitReportReporter -->
<testsuite skipped="0" hostname="LONDON" name="br.ce.wcaquino.appium.test.FormularioTeste" tests="1" failures="0" timestamp="2020-11-12T17:15:56 BRT" time="34.722" errors="0">
  <testcase name="deveRealizarCadastroDemorado" time="34.722" classname="br.ce.wcaquino.appium.test.FormularioTeste"/>
  <system-out/>
</testsuite> <!-- br.ce.wcaquino.appium.test.FormularioTeste -->
