<?xml version="1.0" encoding="UTF-8"?>
<!-- Generated by org.testng.reporters.JUnitReportReporter -->
<testsuite skipped="0" hostname="LONDON" name="br.ce.wcaquino.appium.test.SwipeListTest" tests="1" failures="0" timestamp="2020-11-23T14:13:04 BRT" time="41.161" errors="0">
  <testcase name="desafio" time="41.161" classname="br.ce.wcaquino.appium.test.SwipeListTest"/>
  <system-out/>
</testsuite> <!-- br.ce.wcaquino.appium.test.SwipeListTest -->
