<?xml version="1.0" encoding="UTF-8"?>
<!-- Generated by org.testng.reporters.JUnitReportReporter -->
<testsuite skipped="0" hostname="LONDON" name="br.ce.wcaquino.appium.FormularioTeste" tests="5" failures="0" timestamp="2020-11-01T16:06:50 BRT" time="133.493" errors="0">
  <testcase name="deveInteragirCombo" time="26.160" classname="br.ce.wcaquino.appium.FormularioTeste"/>
  <system-out/>
  <testcase name="devePreencherCampoTexto" time="24.989" classname="br.ce.wcaquino.appium.FormularioTeste"/>
  <system-out/>
  <testcase name="deveInteragirSwitchCheckBox" time="25.207" classname="br.ce.wcaquino.appium.FormularioTeste"/>
  <system-out/>
  <testcase name="deveRealizarCadastro" time="28.921" classname="br.ce.wcaquino.appium.FormularioTeste"/>
  <system-out/>
  <testcase name="preencherFormularioDesafio" time="28.216" classname="br.ce.wcaquino.appium.FormularioTeste"/>
  <system-out/>
</testsuite> <!-- br.ce.wcaquino.appium.FormularioTeste -->
