<?xml version="1.0" encoding="UTF-8"?>
<!-- Generated by org.testng.reporters.JUnitReportReporter -->
<testsuite skipped="0" hostname="LONDON" name="br.ce.wcaquino.appium.test.SwipeTest" tests="1" failures="0" timestamp="2020-11-23T10:34:22 BRT" time="35.306" errors="0">
  <testcase name="deveRealizarSwipe" time="35.306" classname="br.ce.wcaquino.appium.test.SwipeTest"/>
  <system-out/>
</testsuite> <!-- br.ce.wcaquino.appium.test.SwipeTest -->
