<?xml version="1.0" encoding="UTF-8"?>
<!-- Generated by org.testng.reporters.JUnitReportReporter -->
<testsuite skipped="0" hostname="LONDON" name="br.ce.wcaquino.appium.test.CliquesTeste" tests="1" failures="0" timestamp="2020-11-29T14:58:33 BRT" time="29.830" errors="0">
  <testcase name="deveClicarLongo" time="29.830" classname="br.ce.wcaquino.appium.test.CliquesTeste"/>
  <system-out/>
</testsuite> <!-- br.ce.wcaquino.appium.test.CliquesTeste -->
