<?xml version="1.0" encoding="UTF-8"?>
<!-- Generated by org.testng.reporters.JUnitReportReporter -->
<testsuite skipped="0" hostname="LONDON" name="br.ce.wcaquino.appium.test.CliquesTeste" tests="2" failures="0" timestamp="2020-12-04T18:20:02 BRT" time="46.320" errors="0">
  <testcase name="deveRealizarCliqueDuplo" time="36.931" classname="br.ce.wcaquino.appium.test.CliquesTeste"/>
  <system-out/>
  <testcase name="deveClicarLongo" time="9.389" classname="br.ce.wcaquino.appium.test.CliquesTeste"/>
  <system-out/>
</testsuite> <!-- br.ce.wcaquino.appium.test.CliquesTeste -->
