<?xml version="1.0" encoding="UTF-8"?>
<!-- Generated by org.testng.reporters.JUnitReportReporter -->
<testsuite skipped="0" hostname="LONDON" name="br.ce.wcaquino.appium.test.SeuBarrigaNativo" tests="1" failures="0" timestamp="2020-11-26T17:02:41 BRT" time="53.030" errors="0">
  <testcase name="deveRealizarLogin" time="53.030" classname="br.ce.wcaquino.appium.test.SeuBarrigaNativo"/>
  <system-out/>
</testsuite> <!-- br.ce.wcaquino.appium.test.SeuBarrigaNativo -->
