<?xml version="1.0" encoding="UTF-8"?>
<!-- Generated by org.testng.reporters.JUnitReportReporter -->
<testsuite skipped="0" hostname="LONDON" name="br.ce.wcaquino.appium.test.FormularioTeste" tests="1" failures="0" timestamp="2020-11-19T17:06:16 BRT" time="29.555" errors="0">
  <testcase name="deveInteragirComSeekbar" time="29.555" classname="br.ce.wcaquino.appium.test.FormularioTeste"/>
  <system-out/>
</testsuite> <!-- br.ce.wcaquino.appium.test.FormularioTeste -->
