<?xml version="1.0" encoding="UTF-8"?>
<!-- Generated by org.testng.reporters.JUnitReportReporter -->
<testsuite skipped="0" hostname="LONDON" name="br.ce.wcaquino.appium.test.AlertTeste" tests="1" failures="0" timestamp="2020-11-19T16:21:59 BRT" time="40.632" errors="0">
  <testcase name="deveClicarForaAlerta" time="40.632" classname="br.ce.wcaquino.appium.test.AlertTeste"/>
  <system-out/>
</testsuite> <!-- br.ce.wcaquino.appium.test.AlertTeste -->
