<?xml version="1.0" encoding="UTF-8"?>
<!-- Generated by org.testng.reporters.JUnitReportReporter -->
<testsuite skipped="0" hostname="LONDON" name="br.ce.wcaquino.appium.test.AbasTeste" tests="1" failures="0" timestamp="2020-11-18T19:27:21 BRT" time="32.456" errors="0">
  <testcase name="deveInteragirComAbas" time="32.456" classname="br.ce.wcaquino.appium.test.AbasTeste"/>
  <system-out/>
</testsuite> <!-- br.ce.wcaquino.appium.test.AbasTeste -->
