<?xml version="1.0" encoding="UTF-8"?>
<!-- Generated by org.testng.reporters.JUnitReportReporter -->
<testsuite skipped="0" hostname="LONDON" name="br.ce.wcaquino.appium.test.SeuBarrigaHibridoTest" tests="1" failures="0" timestamp="2020-11-26T16:48:03 BRT" time="29.439" errors="0">
  <testcase name="deveFazerLogin" time="29.439" classname="br.ce.wcaquino.appium.test.SeuBarrigaHibridoTest"/>
  <system-out/>
</testsuite> <!-- br.ce.wcaquino.appium.test.SeuBarrigaHibridoTest -->
