<?xml version="1.0" encoding="UTF-8"?>
<!-- Generated by org.testng.reporters.JUnitReportReporter -->
<testsuite skipped="0" hostname="LONDON" name="br.ce.wcaquino.appium.test.AccordionTest" tests="1" failures="0" timestamp="2020-11-18T19:53:42 BRT" time="29.863" errors="0">
  <testcase name="deveInteragirComAccordion" time="29.863" classname="br.ce.wcaquino.appium.test.AccordionTest"/>
  <system-out/>
</testsuite> <!-- br.ce.wcaquino.appium.test.AccordionTest -->
