<?xml version="1.0" encoding="UTF-8"?>
<!-- Generated by org.testng.reporters.JUnitReportReporter -->
<testsuite skipped="0" hostname="LONDON" name="br.ce.wcaquino.appium.test.SeuBarrigaHibridoTest" tests="1" failures="0" timestamp="2020-11-25T20:15:06 BRT" time="26.217" errors="0">
  <testcase name="deveFazerLogin" time="26.217" classname="br.ce.wcaquino.appium.test.SeuBarrigaHibridoTest"/>
  <system-out/>
</testsuite> <!-- br.ce.wcaquino.appium.test.SeuBarrigaHibridoTest -->
