<?xml version="1.0" encoding="UTF-8"?>
<!-- Generated by org.testng.reporters.JUnitReportReporter -->
<testsuite skipped="1" hostname="LONDON" name="br.ce.wcaquino.appium.CalculadoraTesteASUS" tests="2" failures="0" timestamp="2020-10-26T20:46:21 BRT" time="26.373" errors="0">
  <testcase name="deveInstalarAPK" time="26.373" classname="br.ce.wcaquino.appium.CalculadoraTesteASUS"/>
  <system-out/>
  <testcase name="deveSomarDoisValores" classname="br.ce.wcaquino.appium.CalculadoraTesteASUS">
    <skipped/>
  </testcase> <!-- deveSomarDoisValores -->
  <system-out/>
</testsuite> <!-- br.ce.wcaquino.appium.CalculadoraTesteASUS -->
