<?xml version="1.0" encoding="UTF-8"?>
<!-- Generated by org.testng.reporters.JUnitReportReporter -->
<testsuite skipped="0" hostname="LONDON" name="br.ce.wcaquino.appium.test.CliquesTeste" tests="1" failures="0" timestamp="2020-11-21T19:14:17 BRT" time="32.820" errors="0">
  <testcase name="deveClicarLongo" time="32.820" classname="br.ce.wcaquino.appium.test.CliquesTeste"/>
  <system-out/>
</testsuite> <!-- br.ce.wcaquino.appium.test.CliquesTeste -->
