<?xml version="1.0" encoding="UTF-8"?>
<!-- Generated by org.testng.reporters.JUnitReportReporter -->
<testsuite skipped="0" hostname="LONDON" name="br.ce.wcaquino.appium.FormularioTeste" tests="1" failures="0" timestamp="2020-10-29T17:45:30 BRT" time="29.823" errors="0">
  <testcase name="deveResolverDesafio" time="29.823" classname="br.ce.wcaquino.appium.FormularioTeste"/>
  <system-out/>
</testsuite> <!-- br.ce.wcaquino.appium.FormularioTeste -->
