<?xml version="1.0" encoding="UTF-8"?>
<!-- Generated by org.testng.reporters.JUnitReportReporter -->
<testsuite skipped="0" hostname="LONDON" name="br.ce.wcaquino.appium.test.SeuBarrigaNativoTest" tests="4" failures="0" timestamp="2020-12-04T18:36:33 BRT" time="99.201" errors="0">
  <testcase name="validarInclusaoMovimentacao" time="44.614" classname="br.ce.wcaquino.appium.test.SeuBarrigaNativoTest"/>
  <system-out/>
  <testcase name="atualizarSaldoAoExcluirMovimentacao" time="24.164" classname="br.ce.wcaquino.appium.test.SeuBarrigaNativoTest"/>
  <system-out/>
  <testcase name="excluirConta" time="14.457" classname="br.ce.wcaquino.appium.test.SeuBarrigaNativoTest"/>
  <system-out/>
  <testcase name="inserirContaComSucesso" time="15.966" classname="br.ce.wcaquino.appium.test.SeuBarrigaNativoTest"/>
  <system-out/>
</testsuite> <!-- br.ce.wcaquino.appium.test.SeuBarrigaNativoTest -->
