<?xml version="1.0" encoding="UTF-8"?>
<!-- Generated by org.testng.reporters.JUnitReportReporter -->
<testsuite skipped="0" hostname="LONDON" name="br.ce.wcaquino.appium.test.OpcaoEscondidaTest" tests="1" failures="0" timestamp="2020-11-21T20:17:13 BRT" time="31.353" errors="0">
  <testcase name="deveEncontrarOpcaoEscondida" time="31.353" classname="br.ce.wcaquino.appium.test.OpcaoEscondidaTest"/>
  <system-out/>
</testsuite> <!-- br.ce.wcaquino.appium.test.OpcaoEscondidaTest -->
