<?xml version="1.0" encoding="UTF-8"?>
<!-- Generated by org.testng.reporters.JUnitReportReporter -->
<testsuite skipped="0" hostname="LONDON" name="br.ce.wcaquino.appium.test.OpcaoEscondidaTest" tests="1" failures="0" timestamp="2020-11-23T10:35:14 BRT" time="30.618" errors="0">
  <testcase name="deveEncontrarOpcaoEscondida" time="30.618" classname="br.ce.wcaquino.appium.test.OpcaoEscondidaTest"/>
  <system-out/>
</testsuite> <!-- br.ce.wcaquino.appium.test.OpcaoEscondidaTest -->
